<?xml version="1.0" encoding="UTF-8"?>
<!-- Generated by org.testng.reporters.JUnitXMLReporter -->
<testsuite ignored="0" hostname="DESKTOP-242IO5J" failures="0" tests="12" name="Default test" time="12.519" errors="0" timestamp="2024-11-11T17:31:04 EST">
  <testcase classname="myTest.Program1" name="@BeforeMethod setUp" time="3.492">
    <failure type="org.openqa.selenium.NoSuchWindowException" message="no such window: target window already closed
from unknown error: web view not found
  (Session info: chrome=130.0.6723.117)
Build info: version: &amp;apos;4.18.1&amp;apos;, revision: &amp;apos;b1d3319b48&amp;apos;
System info: os.name: &amp;apos;Windows 10&amp;apos;, os.arch: &amp;apos;amd64&amp;apos;, os.version: &amp;apos;10.0&amp;apos;, java.version: &amp;apos;15.0.2&amp;apos;
Driver info: org.openqa.selenium.chrome.ChromeDriver
Command: [44e0a5ad87e0d6dcad7045b18f868ef6, maximizeCurrentWindow {}]
Capabilities {acceptInsecureCerts: false, browserName: chrome, browserVersion: 130.0.6723.117, chrome: {chromedriverVersion: 130.0.6723.116 (6ac35f94ae3..., userDataDir: C:\Users\DIVYANK\AppData\Lo...}, fedcm:accounts: true, goog:chromeOptions: {debuggerAddress: localhost:53827}, networkConnectionEnabled: false, pageLoadStrategy: normal, platformName: windows, proxy: Proxy(), se:cdp: ws://localhost:53827/devtoo..., se:cdpVersion: 130.0.6723.117, setWindowRect: true, strictFileInteractability: false, timeouts: {implicit: 0, pageLoad: 300000, script: 30000}, unhandledPromptBehavior: dismiss and notify, webauthn:extension:credBlob: true, webauthn:extension:largeBlob: true, webauthn:extension:minPinLength: true, webauthn:extension:prf: true, webauthn:virtualAuthenticators: true}
Session ID: 44e0a5ad87e0d6dcad7045b18f868ef6">
      <![CDATA[org.openqa.selenium.NoSuchWindowException: no such window: target window already closed
from unknown error: web view not found
  (Session info: chrome=130.0.6723.117)
Build info: version: '4.18.1', revision: 'b1d3319b48'
System info: os.name: 'Windows 10', os.arch: 'amd64', os.version: '10.0', java.version: '15.0.2'
Driver info: org.openqa.selenium.chrome.ChromeDriver
Command: [44e0a5ad87e0d6dcad7045b18f868ef6, maximizeCurrentWindow {}]
Capabilities {acceptInsecureCerts: false, browserName: chrome, browserVersion: 130.0.6723.117, chrome: {chromedriverVersion: 130.0.6723.116 (6ac35f94ae3..., userDataDir: C:\Users\DIVYANK\AppData\Lo...}, fedcm:accounts: true, goog:chromeOptions: {debuggerAddress: localhost:53827}, networkConnectionEnabled: false, pageLoadStrategy: normal, platformName: windows, proxy: Proxy(), se:cdp: ws://localhost:53827/devtoo..., se:cdpVersion: 130.0.6723.117, setWindowRect: true, strictFileInteractability: false, timeouts: {implicit: 0, pageLoad: 300000, script: 30000}, unhandledPromptBehavior: dismiss and notify, webauthn:extension:credBlob: true, webauthn:extension:largeBlob: true, webauthn:extension:minPinLength: true, webauthn:extension:prf: true, webauthn:virtualAuthenticators: true}
Session ID: 44e0a5ad87e0d6dcad7045b18f868ef6
at java.base/jdk.internal.reflect.NativeConstructorAccessorImpl.newInstance0(Native Method)
at java.base/jdk.internal.reflect.NativeConstructorAccessorImpl.newInstance(NativeConstructorAccessorImpl.java:64)
at java.base/jdk.internal.reflect.DelegatingConstructorAccessorImpl.newInstance(DelegatingConstructorAccessorImpl.java:45)
at java.base/java.lang.reflect.Constructor.newInstanceWithCaller(Constructor.java:500)
at java.base/java.lang.reflect.Constructor.newInstance(Constructor.java:481)
at org.openqa.selenium.remote.ErrorCodec.decode(ErrorCodec.java:167)
at org.openqa.selenium.remote.codec.w3c.W3CHttpResponseCodec.decode(W3CHttpResponseCodec.java:138)
at org.openqa.selenium.remote.codec.w3c.W3CHttpResponseCodec.decode(W3CHttpResponseCodec.java:50)
at org.openqa.selenium.remote.HttpCommandExecutor.execute(HttpCommandExecutor.java:190)
at org.openqa.selenium.remote.service.DriverCommandExecutor.invokeExecute(DriverCommandExecutor.java:216)
at org.openqa.selenium.remote.service.DriverCommandExecutor.execute(DriverCommandExecutor.java:174)
at org.openqa.selenium.remote.RemoteWebDriver.execute(RemoteWebDriver.java:519)
at org.openqa.selenium.remote.RemoteWebDriver.execute(RemoteWebDriver.java:592)
at org.openqa.selenium.remote.RemoteWebDriver.execute(RemoteWebDriver.java:596)
at org.openqa.selenium.remote.RemoteWebDriver$RemoteWebDriverOptions$RemoteWindow.maximize(RemoteWebDriver.java:1035)
at myTest.Base.initialization(Base.java:26)
at myTest.Program1.setUp(Program1.java:40)
at java.base/jdk.internal.reflect.NativeMethodAccessorImpl.invoke0(Native Method)
at java.base/jdk.internal.reflect.NativeMethodAccessorImpl.invoke(NativeMethodAccessorImpl.java:64)
at java.base/jdk.internal.reflect.DelegatingMethodAccessorImpl.invoke(DelegatingMethodAccessorImpl.java:43)
at java.base/java.lang.reflect.Method.invoke(Method.java:564)
at org.testng.internal.MethodInvocationHelper.invokeMethod(MethodInvocationHelper.java:133)
at org.testng.internal.MethodInvocationHelper.invokeMethodConsideringTimeout(MethodInvocationHelper.java:62)
at org.testng.internal.ConfigInvoker.invokeConfigurationMethod(ConfigInvoker.java:385)
at org.testng.internal.ConfigInvoker.invokeConfigurations(ConfigInvoker.java:321)
at org.testng.internal.TestInvoker.runConfigMethods(TestInvoker.java:700)
at org.testng.internal.TestInvoker.invokeMethod(TestInvoker.java:527)
at org.testng.internal.TestInvoker.invokeTestMethod(TestInvoker.java:173)
at org.testng.internal.MethodRunner.runInSequence(MethodRunner.java:46)
at org.testng.internal.TestInvoker$MethodInvocationAgent.invoke(TestInvoker.java:824)
at org.testng.internal.TestInvoker.invokeTestMethods(TestInvoker.java:146)
at org.testng.internal.TestMethodWorker.invokeTestMethods(TestMethodWorker.java:146)
at org.testng.internal.TestMethodWorker.run(TestMethodWorker.java:128)
at java.base/java.util.ArrayList.forEach(ArrayList.java:1511)
at org.testng.TestRunner.privateRun(TestRunner.java:794)
at org.testng.TestRunner.run(TestRunner.java:596)
at org.testng.SuiteRunner.runTest(SuiteRunner.java:377)
at org.testng.SuiteRunner.runSequentially(SuiteRunner.java:371)
at org.testng.SuiteRunner.privateRun(SuiteRunner.java:332)
at org.testng.SuiteRunner.run(SuiteRunner.java:276)
at org.testng.SuiteRunnerWorker.runSuite(SuiteRunnerWorker.java:53)
at org.testng.SuiteRunnerWorker.run(SuiteRunnerWorker.java:96)
at org.testng.TestNG.runSuitesSequentially(TestNG.java:1212)
at org.testng.TestNG.runSuitesLocally(TestNG.java:1134)
at org.testng.TestNG.runSuites(TestNG.java:1063)
at org.testng.TestNG.run(TestNG.java:1031)
at org.testng.remote.AbstractRemoteTestNG.run(AbstractRemoteTestNG.java:115)
at org.testng.remote.RemoteTestNG.initAndRun(RemoteTestNG.java:251)
at org.testng.remote.RemoteTestNG.main(RemoteTestNG.java:77)
]]>
    </failure>
  </testcase> <!-- @BeforeMethod setUp -->
  <testcase classname="myTest.Program1" name="@AfterMethod quitMethod" time="-1.731364264391E9">
    <skipped/>
  </testcase> <!-- @AfterMethod quitMethod -->
  <testcase classname="myTest.Program1" name="@BeforeMethod setUp" time="-1.731364264396E9">
    <skipped/>
  </testcase> <!-- @BeforeMethod setUp -->
  <testcase classname="myTest.Program1" name="@AfterMethod quitMethod" time="-1.731364264407E9">
    <skipped/>
  </testcase> <!-- @AfterMethod quitMethod -->
  <testcase classname="myTest.Program1" name="@BeforeMethod setUp" time="-1.731364264411E9">
    <skipped/>
  </testcase> <!-- @BeforeMethod setUp -->
  <testcase classname="myTest.Program1" name="@AfterMethod quitMethod" time="-1.731364264423E9">
    <skipped/>
  </testcase> <!-- @AfterMethod quitMethod -->
  <testcase classname="myTest.Program1" name="@BeforeMethod setUp" time="-1.731364264425E9">
    <skipped/>
  </testcase> <!-- @BeforeMethod setUp -->
  <testcase classname="myTest.Program1" name="@AfterMethod quitMethod" time="-1.731364264438E9">
    <skipped/>
  </testcase> <!-- @AfterMethod quitMethod -->
  <testcase classname="myTest.Program1" name="@BeforeMethod setUp" time="-1.731364264441E9">
    <skipped/>
  </testcase> <!-- @BeforeMethod setUp -->
  <testcase classname="myTest.Program1" name="@AfterMethod quitMethod" time="-1.73136426446E9">
    <skipped/>
  </testcase> <!-- @AfterMethod quitMethod -->
  <testcase classname="myTest.Program1" name="@BeforeMethod setUp" time="-1.731364264466E9">
    <skipped/>
  </testcase> <!-- @BeforeMethod setUp -->
  <testcase classname="myTest.Program1" name="@AfterMethod quitMethod" time="-1.73136426448E9">
    <skipped/>
  </testcase> <!-- @AfterMethod quitMethod -->
  <testcase classname="myTest.Program1" name="@BeforeMethod setUp" time="-1.731364264486E9">
    <skipped/>
  </testcase> <!-- @BeforeMethod setUp -->
  <testcase classname="myTest.Program1" name="@AfterMethod quitMethod" time="-1.731364264498E9">
    <skipped/>
  </testcase> <!-- @AfterMethod quitMethod -->
  <testcase classname="myTest.Program1" name="@BeforeMethod setUp" time="-1.731364264505E9">
    <skipped/>
  </testcase> <!-- @BeforeMethod setUp -->
  <testcase classname="myTest.Program1" name="@AfterMethod quitMethod" time="-1.731364264516E9">
    <skipped/>
  </testcase> <!-- @AfterMethod quitMethod -->
  <testcase classname="myTest.Program1" name="@BeforeMethod setUp" time="-1.731364264542E9">
    <skipped/>
  </testcase> <!-- @BeforeMethod setUp -->
  <testcase classname="myTest.Program1" name="@AfterMethod quitMethod" time="-1.731364264565E9">
    <skipped/>
  </testcase> <!-- @AfterMethod quitMethod -->
  <testcase classname="myTest.Program1" name="@BeforeMethod setUp" time="-1.73136426457E9">
    <skipped/>
  </testcase> <!-- @BeforeMethod setUp -->
  <testcase classname="myTest.Program1" name="@AfterMethod quitMethod" time="-1.731364264594E9">
    <skipped/>
  </testcase> <!-- @AfterMethod quitMethod -->
  <testcase classname="myTest.Program1" name="@BeforeMethod setUp" time="-1.731364264599E9">
    <skipped/>
  </testcase> <!-- @BeforeMethod setUp -->
  <testcase classname="myTest.Program1" name="@AfterMethod quitMethod" time="-1.731364264617E9">
    <skipped/>
  </testcase> <!-- @AfterMethod quitMethod -->
  <testcase classname="myTest.Program1" name="radioButton" time="0.299"/>
  <testcase classname="myTest.Program1" name="scrollAndClickBrokenLink" time="0.001">
    <skipped/>
  </testcase> <!-- scrollAndClickBrokenLink -->
  <testcase classname="myTest.Program1" name="takeScreenshotTest" time="0.0">
    <skipped/>
  </testcase> <!-- takeScreenshotTest -->
  <testcase classname="myTest.Program1" name="suggestionClass" time="0.0">
    <skipped/>
  </testcase> <!-- suggestionClass -->
  <testcase classname="myTest.Program1" name="dropdownExample" time="0.0">
    <skipped/>
  </testcase> <!-- dropdownExample -->
  <testcase classname="myTest.Program1" name="checkboxExample" time="0.0">
    <skipped/>
  </testcase> <!-- checkboxExample -->
  <testcase classname="myTest.Program1" name="newWindow" time="0.0">
    <skipped/>
  </testcase> <!-- newWindow -->
  <testcase classname="myTest.Program1" name="switchTabExample" time="0.0">
    <skipped/>
  </testcase> <!-- switchTabExample -->
  <testcase classname="myTest.Program1" name="SwitchToAlertExample" time="0.0">
    <skipped/>
  </testcase> <!-- SwitchToAlertExample -->
  <testcase classname="myTest.Program1" name="webTable" time="0.0">
    <skipped/>
  </testcase> <!-- webTable -->
  <testcase classname="myTest.Program1" name="mouseHover" time="0.0">
    <skipped/>
  </testcase> <!-- mouseHover -->
  <testcase classname="myTest.Program1" name="IFrameExample" time="0.0">
    <skipped/>
  </testcase> <!-- IFrameExample -->
</testsuite> <!-- Default test -->
