<?xml version="1.0" encoding="UTF-8"?>
<!-- Generated by org.testng.reporters.JUnitXMLReporter -->
<testsuite ignored="10" hostname="DESKTOP-242IO5J" failures="0" tests="1" name="SingelTestCase" time="6.252" errors="0" timestamp="2024-09-08T14:01:39 EDT">
  <testcase classname="myTest.Program1" name="scrollAndClickBrokenLink" time="1.191"/>
  <testcase classname="myTest.Program1" name="radioButton" time="0.0">
    <ignored/>
  </testcase> <!-- radioButton -->
  <testcase classname="myTest.Program1" name="mouseHover" time="0.0">
    <ignored/>
  </testcase> <!-- mouseHover -->
  <testcase classname="myTest.Program1" name="SwitchToAlertExample" time="0.0">
    <ignored/>
  </testcase> <!-- SwitchToAlertExample -->
  <testcase classname="myTest.Program1" name="checkboxExample" time="0.0">
    <ignored/>
  </testcase> <!-- checkboxExample -->
  <testcase classname="myTest.Program1" name="IFrameExample" time="0.0">
    <ignored/>
  </testcase> <!-- IFrameExample -->
  <testcase classname="myTest.Program1" name="suggestionClass" time="0.0">
    <ignored/>
  </testcase> <!-- suggestionClass -->
  <testcase classname="myTest.Program1" name="newWindow" time="0.0">
    <ignored/>
  </testcase> <!-- newWindow -->
  <testcase classname="myTest.Program1" name="webTable" time="0.0">
    <ignored/>
  </testcase> <!-- webTable -->
  <testcase classname="myTest.Program1" name="dropdownExample" time="0.0">
    <ignored/>
  </testcase> <!-- dropdownExample -->
  <testcase classname="myTest.Program1" name="switchTabExample" time="0.0">
    <ignored/>
  </testcase> <!-- switchTabExample -->
</testsuite> <!-- SingelTestCase -->
