<?xml version="1.0" encoding="UTF-8"?>
<testng-results ignored="0" total="1" passed="1" failed="0" skipped="0">
  <reporter-output>
  </reporter-output>
  <suite started-at="2024-05-27T14:23:13 EDT" name="Suite" finished-at="2024-05-27T14:23:17 EDT" duration-ms="3717">
    <groups>
    </groups>
    <test started-at="2024-05-27T14:23:13 EDT" name="SingelTestCase" finished-at="2024-05-27T14:23:17 EDT" duration-ms="3717">
      <class name="myTest.Program1">
        <test-method is-config="true" signature="setUp()[pri:0, instance:myTest.Program1@614df0a4]" started-at="2024-05-27T14:23:13 EDT" name="setUp" finished-at="2024-05-27T14:23:16 EDT" duration-ms="2904" status="PASS">
          <reporter-output>
          </reporter-output>
        </test-method> <!-- setUp -->
        <test-method signature="webTable()[pri:0, instance:myTest.Program1@614df0a4]" started-at="2024-05-27T14:23:16 EDT" name="webTable" finished-at="2024-05-27T14:23:17 EDT" duration-ms="722" status="PASS">
          <reporter-output>
          </reporter-output>
        </test-method> <!-- webTable -->
      </class> <!-- myTest.Program1 -->
    </test> <!-- SingelTestCase -->
  </suite> <!-- Suite -->
</testng-results>
